{"/Users/sarakhurana/react-tdd-session/src/App.js": {"path":"/Users/sarakhurana/react-tdd-session/src/App.js","statementMap":{"0":{"start":{"line":6,"column":2},"end":{"line":6,"column":32}}},"fnMap":{"0":{"name":"App","decl":{"start":{"line":5,"column":9},"end":{"line":5,"column":12}},"loc":{"start":{"line":5,"column":15},"end":{"line":7,"column":1}},"line":5}},"branchMap":{},"s":{"0":0},"f":{"0":0},"b":{}}
,"/Users/sarakhurana/react-tdd-session/src/index.js": {"path":"/Users/sarakhurana/react-tdd-session/src/index.js","statementMap":{"0":{"start":{"line":7,"column":0},"end":{"line":12,"column":2}},"1":{"start":{"line":17,"column":0},"end":{"line":17,"column":18}}},"fnMap":{},"branchMap":{},"s":{"0":0,"1":0},"f":{},"b":{}}
,"/Users/sarakhurana/react-tdd-session/src/reportWebVitals.js": {"path":"/Users/sarakhurana/react-tdd-session/src/reportWebVitals.js","statementMap":{"0":{"start":{"line":1,"column":24},"end":{"line":11,"column":1}},"1":{"start":{"line":2,"column":2},"end":{"line":10,"column":3}},"2":{"start":{"line":3,"column":4},"end":{"line":9,"column":7}},"3":{"start":{"line":4,"column":6},"end":{"line":4,"column":26}},"4":{"start":{"line":5,"column":6},"end":{"line":5,"column":26}},"5":{"start":{"line":6,"column":6},"end":{"line":6,"column":26}},"6":{"start":{"line":7,"column":6},"end":{"line":7,"column":26}},"7":{"start":{"line":8,"column":6},"end":{"line":8,"column":27}}},"fnMap":{"0":{"name":"(anonymous_0)","decl":{"start":{"line":1,"column":24},"end":{"line":1,"column":25}},"loc":{"start":{"line":1,"column":39},"end":{"line":11,"column":1}},"line":1},"1":{"name":"(anonymous_1)","decl":{"start":{"line":3,"column":30},"end":{"line":3,"column":31}},"loc":{"start":{"line":3,"column":79},"end":{"line":9,"column":5}},"line":3}},"branchMap":{"0":{"loc":{"start":{"line":2,"column":2},"end":{"line":10,"column":3}},"type":"if","locations":[{"start":{"line":2,"column":2},"end":{"line":10,"column":3}},{"start":{},"end":{}}],"line":2},"1":{"loc":{"start":{"line":2,"column":6},"end":{"line":2,"column":52}},"type":"binary-expr","locations":[{"start":{"line":2,"column":6},"end":{"line":2,"column":17}},{"start":{"line":2,"column":21},"end":{"line":2,"column":52}}],"line":2}},"s":{"0":0,"1":0,"2":0,"3":0,"4":0,"5":0,"6":0,"7":0},"f":{"0":0,"1":0},"b":{"0":[0,0],"1":[0,0]}}
,"/Users/sarakhurana/react-tdd-session/src/components/counter/Counter.js": {"path":"/Users/sarakhurana/react-tdd-session/src/components/counter/Counter.js","statementMap":{"0":{"start":{"line":3,"column":16},"end":{"line":23,"column":1}},"1":{"start":{"line":4,"column":32},"end":{"line":4,"column":43}},"2":{"start":{"line":6,"column":26},"end":{"line":8,"column":3}},"3":{"start":{"line":7,"column":4},"end":{"line":7,"column":52}},"4":{"start":{"line":7,"column":21},"end":{"line":7,"column":44}},"5":{"start":{"line":9,"column":26},"end":{"line":11,"column":3}},"6":{"start":{"line":10,"column":4},"end":{"line":10,"column":28}},"7":{"start":{"line":12,"column":2},"end":{"line":22,"column":4}}},"fnMap":{"0":{"name":"(anonymous_0)","decl":{"start":{"line":3,"column":16},"end":{"line":3,"column":17}},"loc":{"start":{"line":3,"column":22},"end":{"line":23,"column":1}},"line":3},"1":{"name":"(anonymous_1)","decl":{"start":{"line":6,"column":26},"end":{"line":6,"column":27}},"loc":{"start":{"line":6,"column":32},"end":{"line":8,"column":3}},"line":6},"2":{"name":"(anonymous_2)","decl":{"start":{"line":7,"column":15},"end":{"line":7,"column":16}},"loc":{"start":{"line":7,"column":21},"end":{"line":7,"column":44}},"line":7},"3":{"name":"(anonymous_3)","decl":{"start":{"line":9,"column":26},"end":{"line":9,"column":27}},"loc":{"start":{"line":9,"column":32},"end":{"line":11,"column":3}},"line":9}},"branchMap":{},"s":{"0":1,"1":8,"2":8,"3":1,"4":1,"5":8,"6":1,"7":8},"f":{"0":8,"1":1,"2":1,"3":1},"b":{},"_coverageSchema":"1a1c01bbd47fc00a2c39e90264f33305004495a9","hash":"98eb3678eecda486803a573a1bc0b3c4939299a1"}
,"/Users/sarakhurana/react-tdd-session/src/components/service/ApiService.js": {"path":"/Users/sarakhurana/react-tdd-session/src/components/service/ApiService.js","statementMap":{"0":{"start":{"line":4,"column":19},"end":{"line":17,"column":1}},"1":{"start":{"line":5,"column":34},"end":{"line":5,"column":48}},"2":{"start":{"line":7,"column":22},"end":{"line":10,"column":3}},"3":{"start":{"line":8,"column":16},"end":{"line":8,"column":71}},"4":{"start":{"line":9,"column":4},"end":{"line":9,"column":32}},"5":{"start":{"line":11,"column":2},"end":{"line":16,"column":4}}},"fnMap":{"0":{"name":"(anonymous_0)","decl":{"start":{"line":4,"column":19},"end":{"line":4,"column":20}},"loc":{"start":{"line":4,"column":25},"end":{"line":17,"column":1}},"line":4},"1":{"name":"(anonymous_1)","decl":{"start":{"line":7,"column":22},"end":{"line":7,"column":23}},"loc":{"start":{"line":7,"column":33},"end":{"line":10,"column":3}},"line":7}},"branchMap":{"0":{"loc":{"start":{"line":14,"column":47},"end":{"line":14,"column":79}},"type":"cond-expr","locations":[{"start":{"line":14,"column":57},"end":{"line":14,"column":65}},{"start":{"line":14,"column":67},"end":{"line":14,"column":79}}],"line":14}},"s":{"0":1,"1":2,"2":2,"3":1,"4":1,"5":2},"f":{"0":2,"1":1},"b":{"0":[1,1]},"_coverageSchema":"1a1c01bbd47fc00a2c39e90264f33305004495a9","hash":"cbc5f5c2b1c6627fc1e1a4296a77e135aaddd0f2"}
,"/Users/sarakhurana/react-tdd-session/src/components/test/Test.js": {"path":"/Users/sarakhurana/react-tdd-session/src/components/test/Test.js","statementMap":{"0":{"start":{"line":4,"column":13},"end":{"line":28,"column":1}},"1":{"start":{"line":5,"column":32},"end":{"line":5,"column":43}},"2":{"start":{"line":6,"column":26},"end":{"line":6,"column":40}},"3":{"start":{"line":7,"column":26},"end":{"line":9,"column":3}},"4":{"start":{"line":8,"column":4},"end":{"line":8,"column":51}},"5":{"start":{"line":8,"column":21},"end":{"line":8,"column":44}},"6":{"start":{"line":10,"column":22},"end":{"line":13,"column":3}},"7":{"start":{"line":11,"column":21},"end":{"line":11,"column":41}},"8":{"start":{"line":12,"column":4},"end":{"line":12,"column":34}},"9":{"start":{"line":14,"column":2},"end":{"line":27,"column":4}}},"fnMap":{"0":{"name":"(anonymous_0)","decl":{"start":{"line":4,"column":13},"end":{"line":4,"column":14}},"loc":{"start":{"line":4,"column":26},"end":{"line":28,"column":1}},"line":4},"1":{"name":"(anonymous_1)","decl":{"start":{"line":7,"column":26},"end":{"line":7,"column":27}},"loc":{"start":{"line":7,"column":32},"end":{"line":9,"column":3}},"line":7},"2":{"name":"(anonymous_2)","decl":{"start":{"line":8,"column":15},"end":{"line":8,"column":16}},"loc":{"start":{"line":8,"column":21},"end":{"line":8,"column":44}},"line":8},"3":{"name":"(anonymous_3)","decl":{"start":{"line":10,"column":22},"end":{"line":10,"column":23}},"loc":{"start":{"line":10,"column":33},"end":{"line":13,"column":3}},"line":10}},"branchMap":{"0":{"loc":{"start":{"line":25,"column":29},"end":{"line":25,"column":55}},"type":"cond-expr","locations":[{"start":{"line":25,"column":36},"end":{"line":25,"column":40}},{"start":{"line":25,"column":43},"end":{"line":25,"column":55}}],"line":25}},"s":{"0":1,"1":2,"2":2,"3":2,"4":0,"5":0,"6":2,"7":1,"8":1,"9":2},"f":{"0":2,"1":0,"2":0,"3":1},"b":{"0":[1,1]},"_coverageSchema":"1a1c01bbd47fc00a2c39e90264f33305004495a9","hash":"2a7152ff89f0c5f1f8d0488f3c0cd82d3e424dd6"}
}
